<?xml version="1.0" encoding="UTF-8"?>
<!-- Generated by org.testng.reporters.JUnitXMLReporter -->
<testsuite hostname="INLT2652" ignored="2" name="Default test" tests="1" failures="0" timestamp="2021-05-15T19:26:12 IST" time="39.03" errors="0">
  <testcase name="noOfPumps_Validation" time="25.568" classname="testRunners.TestRunner_TestCase01"/>
  <testcase name="languageList_Validation" time="0.0" classname="testRunners.TestRunner_TestCase01">
    <ignored/>
  </testcase> <!-- languageList_Validation -->
  <testcase name="login_Validation" time="0.0" classname="testRunners.TestRunner_TestCase01">
    <ignored/>
  </testcase> <!-- login_Validation -->
</testsuite> <!-- Default test -->
