<?xml version="1.0" encoding="UTF-8"?>
<!-- Generated by org.testng.reporters.JUnitXMLReporter -->
<testsuite hostname="INLT2652" ignored="0" name="Default test" tests="3" failures="0" timestamp="2021-05-15T23:02:19 IST" time="71.17" errors="0">
  <testcase name="languageList_Validation" time="11.58" classname="testRunners.TestRunner_TestCase01"/>
  <testcase name="login_Validation" time="17.986" classname="testRunners.TestRunner_TestCase01"/>
  <testcase name="noOfPumps_Validation" time="18.193" classname="testRunners.TestRunner_TestCase01"/>
</testsuite> <!-- Default test -->
