<?xml version="1.0" encoding="UTF-8"?>
<testng-results skipped="0" failed="0" ignored="0" total="3" passed="3">
  <reporter-output>
  </reporter-output>
  <suite name="Default suite" duration-ms="71170" started-at="2021-05-15T23:01:08 IST" finished-at="2021-05-15T23:02:19 IST">
    <groups>
    </groups>
    <test name="Default test" duration-ms="71170" started-at="2021-05-15T23:01:08 IST" finished-at="2021-05-15T23:02:19 IST">
      <class name="testRunners.TestRunner_TestCase01">
        <test-method status="PASS" signature="setSystemProperty()[pri:0, instance:testRunners.TestRunner_TestCase01@3fd7a715]" name="setSystemProperty" is-config="true" duration-ms="12" started-at="2021-05-15T23:01:08 IST" finished-at="2021-05-15T23:01:08 IST">
          <reporter-output>
          </reporter-output>
        </test-method> <!-- setSystemProperty -->
        <test-method status="PASS" signature="preCondition_Login()[pri:0, instance:testRunners.TestRunner_TestCase01@3fd7a715]" name="preCondition_Login" is-config="true" duration-ms="8417" started-at="2021-05-15T23:01:08 IST" finished-at="2021-05-15T23:01:16 IST">
          <reporter-output>
          </reporter-output>
        </test-method> <!-- preCondition_Login -->
        <test-method status="PASS" signature="languageList_Validation()[pri:0, instance:testRunners.TestRunner_TestCase01@3fd7a715]" name="languageList_Validation" duration-ms="11580" started-at="2021-05-15T23:01:16 IST" finished-at="2021-05-15T23:01:28 IST">
          <reporter-output>
          </reporter-output>
        </test-method> <!-- languageList_Validation -->
        <test-method status="PASS" signature="tearDown()[pri:0, instance:testRunners.TestRunner_TestCase01@3fd7a715]" name="tearDown" is-config="true" duration-ms="86" started-at="2021-05-15T23:01:28 IST" finished-at="2021-05-15T23:01:28 IST">
          <reporter-output>
          </reporter-output>
        </test-method> <!-- tearDown -->
        <test-method status="PASS" signature="preCondition_Login()[pri:0, instance:testRunners.TestRunner_TestCase01@3fd7a715]" name="preCondition_Login" is-config="true" duration-ms="7170" started-at="2021-05-15T23:01:28 IST" finished-at="2021-05-15T23:01:35 IST">
          <reporter-output>
          </reporter-output>
        </test-method> <!-- preCondition_Login -->
        <test-method status="PASS" signature="login_Validation()[pri:0, instance:testRunners.TestRunner_TestCase01@3fd7a715]" name="login_Validation" duration-ms="17986" started-at="2021-05-15T23:01:35 IST" finished-at="2021-05-15T23:01:53 IST">
          <reporter-output>
          </reporter-output>
        </test-method> <!-- login_Validation -->
        <test-method status="PASS" signature="tearDown()[pri:0, instance:testRunners.TestRunner_TestCase01@3fd7a715]" name="tearDown" is-config="true" duration-ms="102" started-at="2021-05-15T23:01:53 IST" finished-at="2021-05-15T23:01:53 IST">
          <reporter-output>
          </reporter-output>
        </test-method> <!-- tearDown -->
        <test-method status="PASS" signature="preCondition_Login()[pri:0, instance:testRunners.TestRunner_TestCase01@3fd7a715]" name="preCondition_Login" is-config="true" duration-ms="7470" started-at="2021-05-15T23:01:53 IST" finished-at="2021-05-15T23:02:01 IST">
          <reporter-output>
          </reporter-output>
        </test-method> <!-- preCondition_Login -->
        <test-method status="PASS" signature="noOfPumps_Validation()[pri:0, instance:testRunners.TestRunner_TestCase01@3fd7a715]" name="noOfPumps_Validation" duration-ms="18193" started-at="2021-05-15T23:02:01 IST" finished-at="2021-05-15T23:02:19 IST">
          <reporter-output>
          </reporter-output>
        </test-method> <!-- noOfPumps_Validation -->
        <test-method status="PASS" signature="tearDown()[pri:0, instance:testRunners.TestRunner_TestCase01@3fd7a715]" name="tearDown" is-config="true" duration-ms="115" started-at="2021-05-15T23:02:19 IST" finished-at="2021-05-15T23:02:19 IST">
          <reporter-output>
          </reporter-output>
        </test-method> <!-- tearDown -->
      </class> <!-- testRunners.TestRunner_TestCase01 -->
    </test> <!-- Default test -->
  </suite> <!-- Default suite -->
</testng-results>
