<?xml version="1.0" encoding="UTF-8"?>
<testng-results skipped="0" failed="0" ignored="2" total="3" passed="1">
  <reporter-output>
  </reporter-output>
  <suite name="Default suite" duration-ms="39030" started-at="2021-05-15T19:25:33 IST" finished-at="2021-05-15T19:26:12 IST">
    <groups>
    </groups>
    <test name="Default test" duration-ms="39030" started-at="2021-05-15T19:25:33 IST" finished-at="2021-05-15T19:26:12 IST">
      <class name="testRunners.TestRunner_TestCase01">
        <test-method status="PASS" signature="setSystemProperty()[pri:0, instance:testRunners.TestRunner_TestCase01@3fd7a715]" name="setSystemProperty" is-config="true" duration-ms="19" started-at="2021-05-15T19:25:33 IST" finished-at="2021-05-15T19:25:33 IST">
          <reporter-output>
          </reporter-output>
        </test-method> <!-- setSystemProperty -->
        <test-method status="PASS" signature="preCondition_Login()[pri:0, instance:testRunners.TestRunner_TestCase01@3fd7a715]" name="preCondition_Login" is-config="true" duration-ms="13056" started-at="2021-05-15T19:25:33 IST" finished-at="2021-05-15T19:25:46 IST">
          <reporter-output>
          </reporter-output>
        </test-method> <!-- preCondition_Login -->
        <test-method status="PASS" signature="noOfPumps_Validation()[pri:0, instance:testRunners.TestRunner_TestCase01@3fd7a715]" name="noOfPumps_Validation" duration-ms="25568" started-at="2021-05-15T19:25:46 IST" finished-at="2021-05-15T19:26:12 IST">
          <reporter-output>
          </reporter-output>
        </test-method> <!-- noOfPumps_Validation -->
        <test-method status="PASS" signature="tearDown()[pri:0, instance:testRunners.TestRunner_TestCase01@3fd7a715]" name="tearDown" is-config="true" duration-ms="315" started-at="2021-05-15T19:26:12 IST" finished-at="2021-05-15T19:26:12 IST">
          <reporter-output>
          </reporter-output>
        </test-method> <!-- tearDown -->
      </class> <!-- testRunners.TestRunner_TestCase01 -->
    </test> <!-- Default test -->
  </suite> <!-- Default suite -->
</testng-results>
